TN:
SF:src\apresentation\controllers\singup.ts
FN:14,SignUpController
FN:19,handle
FNF:2
FNH:2
FNDA:9,SignUpController
FNDA:9,handle
DA:1,1
DA:2,1
DA:3,1
DA:4,1
DA:5,1
DA:6,1
DA:7,1
DA:8,1
DA:9,1
DA:10,1
DA:11,1
DA:12,1
DA:13,1
DA:14,1
DA:15,9
DA:16,9
DA:17,9
DA:18,1
DA:19,1
DA:20,9
DA:21,9
DA:22,9
DA:23,9
DA:24,9
DA:25,30
DA:26,4
DA:27,4
DA:28,30
DA:29,5
DA:30,5
DA:31,5
DA:32,9
DA:33,1
DA:34,1
DA:35,4
DA:36,4
DA:37,4
DA:38,9
DA:39,1
DA:40,1
DA:41,2
DA:42,2
DA:43,2
DA:44,2
DA:45,2
DA:46,2
DA:47,9
DA:48,1
DA:49,1
DA:50,1
DA:51,9
DA:52,1
LF:52
LH:52
BRDA:14,0,0,9
BRDA:19,1,0,9
BRDA:24,2,0,30
BRDA:25,3,0,4
BRDA:29,4,0,5
BRDA:32,5,0,1
BRDA:35,6,0,4
BRDA:38,7,0,1
BRDA:41,8,0,2
BRDA:47,9,0,1
BRF:10
BRH:10
end_of_record
TN:
SF:src\apresentation\erros\erros.ts
FNF:0
FNH:0
DA:1,1
DA:2,1
DA:3,1
DA:4,1
LF:4
LH:4
BRF:0
BRH:0
end_of_record
TN:
SF:src\apresentation\protocols\index.ts
FN:1,(empty-report)
FNF:1
FNH:0
FNDA:0,(empty-report)
DA:1,0
DA:2,0
DA:3,0
DA:4,0
LF:4
LH:0
BRDA:1,0,0,0
BRF:1
BRH:0
end_of_record
TN:
SF:src\domain\models\account.ts
FN:1,(empty-report)
FNF:1
FNH:0
FNDA:0,(empty-report)
DA:1,0
DA:2,0
DA:3,0
DA:4,0
DA:5,0
DA:6,0
LF:6
LH:0
BRDA:1,0,0,0
BRF:1
BRH:0
end_of_record
TN:
SF:src\domain\usecase\add-account.ts
FN:1,(empty-report)
FNF:1
FNH:0
FNDA:0,(empty-report)
DA:1,0
DA:2,0
DA:3,0
DA:4,0
DA:5,0
DA:6,0
DA:7,0
DA:8,0
DA:9,0
LF:9
LH:0
BRDA:1,0,0,0
BRF:1
BRH:0
end_of_record
