TN:
SF:src\apresentation\controllers\signup\signup-protocols.ts
FNF:0
FNH:0
DA:1,1
DA:2,1
DA:3,1
DA:4,1
DA:5,1
DA:6,1
LF:6
LH:6
BRF:0
BRH:0
end_of_record
TN:
SF:src\apresentation\controllers\signup\singup.ts
FN:8,SignUpController
FN:14,handle
FNF:2
FNH:2
FNDA:13,SignUpController
FNDA:13,handle
DA:1,1
DA:2,1
DA:3,1
DA:4,1
DA:5,1
DA:6,1
DA:7,1
DA:8,1
DA:9,13
DA:10,13
DA:11,13
DA:12,13
DA:13,1
DA:14,1
DA:15,13
DA:16,13
DA:17,13
DA:18,13
DA:19,13
DA:20,13
DA:21,13
DA:22,1
DA:23,1
DA:24,12
DA:25,13
DA:26,42
DA:27,4
DA:28,4
DA:29,42
DA:30,8
DA:31,8
DA:32,8
DA:33,13
DA:34,1
DA:35,1
DA:36,7
DA:37,7
DA:38,7
DA:39,13
DA:40,1
DA:41,1
DA:42,5
DA:43,5
DA:44,5
DA:45,5
DA:46,5
DA:47,5
DA:48,4
DA:49,4
DA:50,13
DA:51,2
DA:52,2
DA:53,2
DA:54,13
DA:55,1
LF:55
LH:55
BRDA:8,0,0,13
BRDA:14,1,0,13
BRDA:21,2,0,1
BRDA:24,3,0,12
BRDA:25,4,0,42
BRDA:26,5,0,4
BRDA:30,6,0,8
BRDA:33,7,0,1
BRDA:36,8,0,7
BRDA:39,9,0,1
BRDA:42,10,0,5
BRDA:48,11,0,4
BRDA:50,12,0,2
BRF:13
BRH:13
end_of_record
TN:
SF:src\apresentation\erros\erros.ts
FNF:0
FNH:0
DA:1,1
DA:2,1
DA:3,1
DA:4,1
DA:5,1
LF:5
LH:5
BRF:0
BRH:0
end_of_record
